2022-08-28 08:27:26,904+0000 INFO  [jetty-main-1]  org.sonatype.nexus.events.EventSubscriberHost - Initialized
2022-08-28 08:27:26,910+0000 INFO  [jetty-main-1]  org.sonatype.nexus.NxApplication - 
-------------------------------------------------

Initializing Nexus Repository Manager OSS 2.14.18-01

-------------------------------------------------
2022-08-28 08:27:26,911+0000 INFO  [jetty-main-1]  org.sonatype.nexus.NxApplication - Activating locally installed plugins...
2022-08-28 08:27:29,573+0000 INFO  [jetty-main-1]  org.sonatype.nexus.plugins.bcprov.CryptoPlugin - Unlimited strength JCE policy detected
2022-08-28 08:27:31,870+0000 INFO  [jetty-main-1]  com.sun.jersey.server.impl.application.WebApplicationImpl - Initiating Jersey application, version 'Jersey: 1.17.1 02/28/2013 12:47 PM'
2022-08-28 08:27:33,832+0000 INFO  [jetty-main-1]  org.sonatype.nexus.kazuki.KazukiPlugin - Kazuki version: 0.1.8
2022-08-28 08:27:35,973+0000 INFO  [jetty-main-1]  org.sonatype.nexus.proxy.registry.DefaultRepositoryTypeRegistry - Registered Repository type RepositoryType=(org.sonatype.nexus.proxy.repository.GroupRepository:npm-group).
2022-08-28 08:27:35,973+0000 INFO  [jetty-main-1]  org.sonatype.nexus.proxy.registry.DefaultRepositoryTypeRegistry - Registered Repository type RepositoryType=(org.sonatype.nexus.proxy.repository.Repository:npm-proxy).
2022-08-28 08:27:35,976+0000 INFO  [jetty-main-1]  org.sonatype.nexus.proxy.registry.DefaultRepositoryTypeRegistry - Registered Repository type RepositoryType=(org.sonatype.nexus.proxy.repository.Repository:npm-hosted).
2022-08-28 08:27:37,365+0000 INFO  [jetty-main-1]  org.sonatype.nexus.proxy.registry.DefaultRepositoryTypeRegistry - Registered Repository type RepositoryType=(org.sonatype.nexus.proxy.repository.ShadowRepository:nuget-shadow).
2022-08-28 08:27:37,365+0000 INFO  [jetty-main-1]  org.sonatype.nexus.proxy.registry.DefaultRepositoryTypeRegistry - Registered Repository type RepositoryType=(org.sonatype.nexus.proxy.repository.GroupRepository:nuget-group).
2022-08-28 08:27:37,365+0000 INFO  [jetty-main-1]  org.sonatype.nexus.proxy.registry.DefaultRepositoryTypeRegistry - Registered Repository type RepositoryType=(org.sonatype.nexus.proxy.repository.Repository:nuget-proxy).
2022-08-28 08:27:39,286+0000 INFO  [jetty-main-1]  org.sonatype.nexus.proxy.registry.DefaultRepositoryTypeRegistry - Registered Repository type RepositoryType=(org.sonatype.nexus.proxy.repository.WebSiteRepository:site).
2022-08-28 08:27:39,554+0000 INFO  [jetty-main-1]  org.sonatype.nexus.proxy.registry.DefaultRepositoryTypeRegistry - Registered Repository type RepositoryType=(org.sonatype.nexus.proxy.repository.GroupRepository:rubygems-group).
2022-08-28 08:27:39,560+0000 INFO  [jetty-main-1]  org.sonatype.nexus.proxy.registry.DefaultRepositoryTypeRegistry - Registered Repository type RepositoryType=(org.sonatype.nexus.proxy.repository.Repository:rubygems-proxy).
2022-08-28 08:27:39,560+0000 INFO  [jetty-main-1]  org.sonatype.nexus.proxy.registry.DefaultRepositoryTypeRegistry - Registered Repository type RepositoryType=(org.sonatype.nexus.proxy.repository.Repository:rubygems-hosted).
2022-08-28 08:27:42,999+0000 INFO  [jetty-main-1]  org.sonatype.nexus.NxApplication - Plugin manager request "ACTIVATE" on plugin "org.sonatype.nexus.plugins:nexus-crypto-plugin:2.14.18-01" was successful.
2022-08-28 08:27:42,999+0000 INFO  [jetty-main-1]  org.sonatype.nexus.NxApplication - Plugin manager request "ACTIVATE" on plugin "org.sonatype.nexus.plugins:nexus-rutauth-plugin:2.14.18-01" was successful.
2022-08-28 08:27:42,999+0000 INFO  [jetty-main-1]  org.sonatype.nexus.NxApplication - Plugin manager request "ACTIVATE" on plugin "org.sonatype.nexus.plugins:nexus-npm-repository-plugin:2.14.18-01" was successful.
2022-08-28 08:27:42,999+0000 INFO  [jetty-main-1]  org.sonatype.nexus.NxApplication - Plugin manager request "ACTIVATE" on plugin "org.sonatype.nexus.plugins:nexus-capabilities-plugin:2.14.18-01" was successful.
2022-08-28 08:27:42,999+0000 INFO  [jetty-main-1]  org.sonatype.nexus.NxApplication - Plugin manager request "ACTIVATE" on plugin "com.sonatype.nexus.plugins:nexus-nuget-plugin:2.14.18-01" was successful.
2022-08-28 08:27:42,999+0000 INFO  [jetty-main-1]  org.sonatype.nexus.NxApplication - Plugin manager request "ACTIVATE" on plugin "com.sonatype.nexus.plugins:nexus-iq-repository-oss-plugin:2.14.18-01" was successful.
2022-08-28 08:27:42,999+0000 INFO  [jetty-main-1]  org.sonatype.nexus.NxApplication - Plugin manager request "ACTIVATE" on plugin "org.sonatype.nexus.plugins:nexus-logging-plugin:2.14.18-01" was successful.
2022-08-28 08:27:42,999+0000 INFO  [jetty-main-1]  org.sonatype.nexus.NxApplication - Plugin manager request "ACTIVATE" on plugin "org.sonatype.nexus.plugins:nexus-timeline-plugin:2.14.18-01" was successful.
2022-08-28 08:27:42,999+0000 INFO  [jetty-main-1]  org.sonatype.nexus.NxApplication - Plugin manager request "ACTIVATE" on plugin "org.sonatype.nexus.plugins:nexus-lvo-plugin:2.14.18-01" was successful.
2022-08-28 08:27:42,999+0000 INFO  [jetty-main-1]  org.sonatype.nexus.NxApplication - Plugin manager request "ACTIVATE" on plugin "org.sonatype.nexus.plugins:nexus-ldap-realm-plugin:2.14.18-01" was successful.
2022-08-28 08:27:42,999+0000 INFO  [jetty-main-1]  org.sonatype.nexus.NxApplication - Plugin manager request "ACTIVATE" on plugin "org.sonatype.nexus.plugins:nexus-wonderland-plugin:2.14.18-01" was successful.
2022-08-28 08:27:43,000+0000 INFO  [jetty-main-1]  org.sonatype.nexus.NxApplication - Plugin manager request "ACTIVATE" on plugin "org.sonatype.nexus.plugins:nexus-webresources-plugin:2.14.18-01" was successful.
2022-08-28 08:27:43,000+0000 INFO  [jetty-main-1]  org.sonatype.nexus.NxApplication - Plugin manager request "ACTIVATE" on plugin "org.sonatype.nexus.plugins:nexus-site-repository-plugin:2.14.18-01" was successful.
2022-08-28 08:27:43,000+0000 INFO  [jetty-main-1]  org.sonatype.nexus.NxApplication - Plugin manager request "ACTIVATE" on plugin "org.sonatype.nexus.plugins:nexus-ruby-plugin:2.14.18-01" was successful.
2022-08-28 08:27:43,000+0000 INFO  [jetty-main-1]  org.sonatype.nexus.NxApplication - Plugin manager request "ACTIVATE" on plugin "org.sonatype.nexus.plugins:nexus-restlet1x-plugin:2.14.18-01" was successful.
2022-08-28 08:27:43,001+0000 INFO  [jetty-main-1]  org.sonatype.nexus.NxApplication - Plugin manager request "ACTIVATE" on plugin "com.sonatype.nexus.plugins:nexus-analytics-plugin:2.14.18-01" was successful.
2022-08-28 08:27:43,001+0000 INFO  [jetty-main-1]  org.sonatype.nexus.NxApplication - Plugin manager request "ACTIVATE" on plugin "org.sonatype.nexus.plugins:nexus-siesta-plugin:2.14.18-01" was successful.
2022-08-28 08:27:43,001+0000 INFO  [jetty-main-1]  org.sonatype.nexus.NxApplication - Plugin manager request "ACTIVATE" on plugin "org.sonatype.nexus.plugins:nexus-yum-repository-plugin:2.14.18-01" was successful.
2022-08-28 08:27:43,001+0000 INFO  [jetty-main-1]  org.sonatype.nexus.NxApplication - Plugin manager request "ACTIVATE" on plugin "org.sonatype.nexus.plugins:nexus-ui-extjs3-plugin:2.14.18-01" was successful.
2022-08-28 08:27:43,001+0000 INFO  [jetty-main-1]  org.sonatype.nexus.NxApplication - Plugin manager request "ACTIVATE" on plugin "org.sonatype.nexus.plugins:nexus-archetype-plugin:2.14.18-01" was successful.
2022-08-28 08:27:43,001+0000 INFO  [jetty-main-1]  org.sonatype.nexus.NxApplication - Plugin manager request "ACTIVATE" on plugin "org.sonatype.nexus.plugins:nexus-plugin-console-plugin:2.14.18-01" was successful.
2022-08-28 08:27:43,001+0000 INFO  [jetty-main-1]  org.sonatype.nexus.NxApplication - Plugin manager request "ACTIVATE" on plugin "org.sonatype.nexus.plugins:nexus-atlas-plugin:2.14.18-01" was successful.
2022-08-28 08:27:43,001+0000 INFO  [jetty-main-1]  org.sonatype.nexus.NxApplication - Plugin manager request "ACTIVATE" on plugin "org.sonatype.nexus.plugins:nexus-maven-bridge-plugin:2.14.18-01" was successful.
2022-08-28 08:27:43,001+0000 INFO  [jetty-main-1]  org.sonatype.nexus.NxApplication - Plugin manager request "ACTIVATE" on plugin "org.sonatype.nexus.plugins:nexus-indexer-lucene-plugin:2.14.18-01" was successful.
2022-08-28 08:27:43,004+0000 INFO  [jetty-main-1]  org.sonatype.nexus.NxApplication - Plugin manager request "ACTIVATE" on plugin "org.sonatype.nexus.plugins:nexus-kazuki-plugin:2.14.18-01" was successful.
2022-08-28 08:27:43,005+0000 INFO  [jetty-main-1]  org.sonatype.nexus.NxApplication - Plugin manager request "ACTIVATE" on plugin "org.sonatype.nexus.plugins:nexus-groovy-plugin:2.14.18-01" was successful.
2022-08-28 08:27:43,005+0000 INFO  [jetty-main-1]  org.sonatype.nexus.NxApplication - Plugin manager request "ACTIVATE" on plugin "org.sonatype.nexus.plugins:nexus-rrb-plugin:2.14.18-01" was successful.
2022-08-28 08:27:43,005+0000 INFO  [jetty-main-1]  org.sonatype.nexus.NxApplication - Plugin manager request "ACTIVATE" on plugin "com.sonatype.nexus.plugins:nexus-outreach-plugin:2.14.18-01" was successful.
2022-08-28 08:27:43,005+0000 INFO  [jetty-main-1]  org.sonatype.nexus.NxApplication - Plugin manager request "ACTIVATE" on plugin "com.sonatype.nexus.plugins:nexus-migrationagent-plugin:2.14.18-01" was successful.
2022-08-28 08:27:43,005+0000 INFO  [jetty-main-1]  org.sonatype.nexus.NxApplication - Plugin manager request "ACTIVATE" on plugin "org.sonatype.nexus.plugins:nexus-h2-plugin:2.14.18-01" was successful.
2022-08-28 08:27:43,007+0000 INFO  [jetty-main-1]  org.sonatype.nexus.NxApplication - Plugin manager request "ACTIVATE" on plugin "org.sonatype.nexus.plugins:nexus-content-plugin:2.14.18-01" was successful.
2022-08-28 08:27:43,007+0000 INFO  [jetty-main-1]  org.sonatype.nexus.NxApplication - Plugin manager request "ACTIVATE" on plugin "org.sonatype.nexus.plugins:nexus-orient-plugin:2.14.18-01" was successful.
2022-08-28 08:27:43,007+0000 INFO  [jetty-main-1]  org.sonatype.nexus.events.EventSubscriberHost - Starting
2022-08-28 08:27:43,674+0000 INFO  [jetty-main-1]  org.sonatype.nexus.timeline.DefaultNexusTimeline - Initializing Nexus Timeline...
2022-08-28 08:27:43,675+0000 INFO  [jetty-main-1]  org.sonatype.nexus.timeline.DefaultNexusTimeline - Starting Nexus Timeline...
2022-08-28 08:27:43,935+0000 INFO  [jetty-main-1]  org.sonatype.timeline.internal.DefaultTimeline - Started Timeline...
2022-08-28 08:27:44,218+0000 INFO  [jetty-main-1]  org.sonatype.nexus.apachehttpclient.Hc4ProviderImpl - Started (connectionPoolMaxSize 200, connectionPoolSize 20, connectionPoolIdleTime 30000 ms, connectionPoolTimeout 30000 ms, keepAliveMaxDuration 30000 ms)
2022-08-28 08:27:44,693+0000 INFO  [jetty-main-1]  org.sonatype.nexus.orient.DatabaseServerImpl - OrientDB version: 2.1.14
2022-08-28 08:27:44,725+0000 INFO  [jetty-main-1]  com.orientechnologies.orient.server.OServer - OrientDB Server v2.1.14 is starting up...
2022-08-28 08:27:44,730+0000 INFO  [jetty-main-1]  com.orientechnologies.orient.server.OServer - Databases directory: /home/ec2-user/sonatype-work/nexus/db
2022-08-28 08:27:44,743+0000 INFO  [jetty-main-1]  com.orientechnologies.orient.server.handler.OJMXPlugin - JMX plugin installed and active: profilerManaged=true
2022-08-28 08:27:44,749+0000 INFO  [jetty-main-1]  com.orientechnologies.orient.server.OServer - OrientDB Server v2.1.14 is active.
2022-08-28 08:27:44,749+0000 INFO  [jetty-main-1]  org.sonatype.nexus.orient.DatabaseServerImpl - Activated
2022-08-28 08:27:44,749+0000 INFO  [jetty-main-1]  org.sonatype.nexus.configuration.application.DefaultNexusConfiguration - Loading Nexus Configuration...
2022-08-28 08:27:44,772+0000 INFO  [jetty-main-1]  org.sonatype.nexus.configuration.source.StaticConfigurationSource - Configuration loaded successfully.
2022-08-28 08:27:44,773+0000 WARN  [jetty-main-1]  org.sonatype.nexus.configuration.source.FileConfigurationSource - No configuration file in place, copying the default one and continuing with it.
2022-08-28 08:27:44,978+0000 INFO  [jetty-main-1]  org.sonatype.nexus.configuration.source.FileConfigurationSource - Configuration loaded successfully.
2022-08-28 08:27:45,026+0000 INFO  [jetty-main-1]  org.sonatype.nexus.configuration.source.FileConfigurationSource - Nexus configuration validated successfully.
2022-08-28 08:27:45,096+0000 INFO  [jetty-main-1]  org.sonatype.nexus.configuration.application.DefaultNexusConfiguration - Applying Nexus Configuration...
2022-08-28 08:27:45,107+0000 INFO  [jetty-main-1]  org.sonatype.security.configuration.source.FileSecurityConfigurationSource - Loading Security configuration from /home/ec2-user/nexus-2.14.18-01/../sonatype-work/nexus/conf/security-configuration.xml
2022-08-28 08:27:45,117+0000 INFO  [jetty-main-1]  org.apache.shiro.cache.ehcache.EhCacheManager - Cache with name 'XmlAuthenticatingRealm.authorizationCache' does not yet exist.  Creating now.
2022-08-28 08:27:45,119+0000 INFO  [jetty-main-1]  org.apache.shiro.cache.ehcache.EhCacheManager - Added EhCache named [XmlAuthenticatingRealm.authorizationCache]
2022-08-28 08:27:45,119+0000 INFO  [jetty-main-1]  org.apache.shiro.cache.ehcache.EhCacheManager - Cache with name 'XmlAuthorizingRealm.authorizationCache' does not yet exist.  Creating now.
2022-08-28 08:27:45,126+0000 INFO  [jetty-main-1]  org.apache.shiro.cache.ehcache.EhCacheManager - Added EhCache named [XmlAuthorizingRealm.authorizationCache]
2022-08-28 08:27:45,169+0000 INFO  [jetty-main-1]  org.sonatype.nexus.proxy.attributes.DefaultLSAttributeStorage - Default FS AttributeStorage in place, using JacksonJSON marshaller. 
2022-08-28 08:27:45,647+0000 INFO  [jetty-main-1]  org.sonatype.nexus.proxy.registry.DefaultRepositoryRegistry - Added repository "Central" [id=central][contentClass=Maven2][mainFacet=org.sonatype.nexus.proxy.maven.MavenProxyRepository]
2022-08-28 08:27:45,688+0000 INFO  [jetty-main-1]  org.sonatype.nexus.proxy.registry.DefaultRepositoryRegistry - Added repository "Apache Snapshots" [id=apache-snapshots][contentClass=Maven2][mainFacet=org.sonatype.nexus.proxy.maven.MavenProxyRepository]
2022-08-28 08:27:45,746+0000 INFO  [jetty-main-1]  org.sonatype.nexus.proxy.registry.DefaultRepositoryRegistry - Added repository "Releases" [id=releases][contentClass=Maven2][mainFacet=org.sonatype.nexus.proxy.maven.MavenHostedRepository]
2022-08-28 08:27:45,781+0000 INFO  [jetty-main-1]  org.sonatype.nexus.proxy.registry.DefaultRepositoryRegistry - Added repository "Snapshots" [id=snapshots][contentClass=Maven2][mainFacet=org.sonatype.nexus.proxy.maven.MavenHostedRepository]
2022-08-28 08:27:45,814+0000 INFO  [jetty-main-1]  org.sonatype.nexus.proxy.registry.DefaultRepositoryRegistry - Added repository "3rd party" [id=thirdparty][contentClass=Maven2][mainFacet=org.sonatype.nexus.proxy.maven.MavenHostedRepository]
2022-08-28 08:27:45,861+0000 INFO  [jetty-main-1]  org.sonatype.nexus.proxy.registry.DefaultRepositoryRegistry - Added repository "Central M1 shadow" [id=central-m1][contentClass=Maven1][mainFacet=org.sonatype.nexus.proxy.maven.MavenShadowRepository]
2022-08-28 08:27:45,925+0000 INFO  [jetty-main-1]  org.sonatype.nexus.proxy.registry.DefaultRepositoryRegistry - Added repository "Public Repositories" [id=public][contentClass=Maven2][mainFacet=org.sonatype.nexus.proxy.repository.GroupRepository]
2022-08-28 08:27:45,926+0000 INFO  [jetty-main-1]  org.sonatype.scheduling.DefaultScheduler - Initializing Scheduler...
2022-08-28 08:27:45,926+0000 INFO  [jetty-main-1]  org.sonatype.nexus.scheduling.internal.DefaultTaskConfigManager - 0 task(s) to load.
2022-08-28 08:27:45,932+0000 INFO  [jetty-main-1]  org.sonatype.nexus.NxApplication - This is 1st start of new Nexus instance.
2022-08-28 08:27:45,933+0000 INFO  [jetty-main-1]  org.sonatype.nexus.NxApplication - Nexus Work Directory : /home/ec2-user/sonatype-work/nexus
2022-08-28 08:27:45,933+0000 INFO  [jetty-main-1]  org.sonatype.nexus.NxApplication - Started Nexus Repository Manager OSS 2.14.18-01
2022-08-28 08:27:46,112+0000 INFO  [ar-7-thread-4] *TASK org.sonatype.nexus.proxy.maven.routing.internal.ManagerImpl - Updated and published prefix file of "Releases" [id=releases]
2022-08-28 08:27:46,121+0000 INFO  [ar-7-thread-2] *TASK org.sonatype.nexus.proxy.maven.routing.internal.ManagerImpl - Updated and published prefix file of "Snapshots" [id=snapshots]
2022-08-28 08:27:46,129+0000 INFO  [ar-7-thread-5] *TASK org.sonatype.nexus.proxy.maven.routing.internal.ManagerImpl - Updated and published prefix file of "3rd party" [id=thirdparty]
2022-08-28 08:27:46,792+0000 INFO  [jetty-main-1]  com.sonatype.nexus.plugins.nuget.odata.NugetODataGalleryMigrator - Starting Nuget DB migration.
2022-08-28 08:27:46,812+0000 INFO  [jetty-main-1]  com.sonatype.nexus.plugins.nuget.odata.NugetODataGalleryMigrator - Starting Nuget DB migration to version 1
2022-08-28 08:27:46,820+0000 INFO  [jetty-main-1]  com.sonatype.nexus.plugins.nuget.odata.NugetODataGalleryMigrator - Completed Nuget DB migration to version 1
2022-08-28 08:27:46,829+0000 INFO  [jetty-main-1]  com.sonatype.nexus.plugins.nuget.odata.NugetODataGalleryMigrator - Starting Nuget DB migration to version 2
2022-08-28 08:27:46,836+0000 INFO  [jetty-main-1]  com.sonatype.nexus.plugins.nuget.odata.NugetODataGalleryMigrator - Completed Nuget DB migration to version 2
2022-08-28 08:27:46,843+0000 INFO  [jetty-main-1]  com.sonatype.nexus.plugins.nuget.odata.NugetODataGalleryMigrator - Starting Nuget DB migration to version 3
2022-08-28 08:27:46,844+0000 INFO  [jetty-main-1]  com.sonatype.nexus.plugins.nuget.odata.NugetODataGalleryMigrator - Completed Nuget DB migration to version 3
2022-08-28 08:27:46,844+0000 INFO  [jetty-main-1]  com.sonatype.nexus.plugins.nuget.odata.NugetODataGalleryMigrator - Starting Nuget DB migration to version 4
2022-08-28 08:27:46,862+0000 INFO  [jetty-main-1]  com.sonatype.nexus.plugins.nuget.odata.NugetODataGalleryMigrator - Completed Nuget DB migration to version 4
2022-08-28 08:27:46,862+0000 INFO  [jetty-main-1]  com.sonatype.nexus.plugins.nuget.odata.NugetODataGalleryMigrator - Starting Nuget DB migration to version 5
2022-08-28 08:27:46,884+0000 INFO  [jetty-main-1]  com.sonatype.nexus.plugins.nuget.odata.NugetODataGalleryMigrator - Completed Nuget DB migration to version 5
2022-08-28 08:27:46,885+0000 INFO  [jetty-main-1]  com.sonatype.nexus.plugins.nuget.odata.NugetODataGalleryMigrator - Starting Nuget DB migration to version 6
2022-08-28 08:27:46,887+0000 INFO  [jetty-main-1]  com.sonatype.nexus.plugins.nuget.odata.NugetODataGalleryMigrator - Completed Nuget DB migration to version 6
2022-08-28 08:27:46,887+0000 INFO  [jetty-main-1]  com.sonatype.nexus.plugins.nuget.odata.NugetODataGalleryMigrator - Starting Nuget DB migration to version 7
2022-08-28 08:27:46,900+0000 INFO  [jetty-main-1]  com.sonatype.nexus.plugins.nuget.odata.NugetODataGalleryMigrator - Completed Nuget DB migration to version 7
2022-08-28 08:27:46,901+0000 INFO  [jetty-main-1]  com.sonatype.nexus.plugins.nuget.odata.NugetODataGalleryMigrator - Starting Nuget DB migration to version 8
2022-08-28 08:27:46,902+0000 INFO  [jetty-main-1]  com.sonatype.nexus.plugins.nuget.odata.NugetODataGalleryMigrator - Completed Nuget DB migration to version 8
2022-08-28 08:27:46,902+0000 INFO  [jetty-main-1]  com.sonatype.nexus.plugins.nuget.odata.NugetODataGalleryMigrator - Starting Nuget DB migration to version 9
2022-08-28 08:27:46,903+0000 INFO  [jetty-main-1]  com.sonatype.nexus.plugins.nuget.odata.NugetODataGalleryMigrator - Completed Nuget DB migration to version 9
2022-08-28 08:27:46,916+0000 INFO  [jetty-main-1]  com.sonatype.nexus.plugins.nuget.odata.NugetODataGalleryMigrator - Completed Nuget DB migration.
2022-08-28 08:27:46,936+0000 INFO  [jetty-main-1]  org.sonatype.nexus.proxy.targets.DefaultTargetRegistryEventInspector - Adding default target for site content class
2022-08-28 08:27:46,945+0000 INFO  [jetty-main-1]  org.sonatype.nexus.proxy.targets.DefaultTargetRegistryEventInspector - Adding default target for npm content class
2022-08-28 08:27:46,945+0000 INFO  [jetty-main-1]  org.sonatype.nexus.proxy.targets.DefaultTargetRegistryEventInspector - Adding default target for nuget content class
2022-08-28 08:27:46,945+0000 INFO  [jetty-main-1]  org.sonatype.nexus.proxy.targets.DefaultTargetRegistryEventInspector - Adding default target for rubygems content class
2022-08-28 08:27:46,947+0000 INFO  [jetty-main-1]  org.sonatype.nexus.configuration.application.DefaultNexusConfiguration - Applying Nexus Configuration due to changes in [Repository Target Registry]...
2022-08-28 08:27:47,509+0000 INFO  [jetty-main-1]  org.sonatype.nexus.webapp.WebappBootstrap - Initialized
2022-08-28 08:27:47,605+0000 INFO  [ar-7-thread-1] *TASK org.sonatype.nexus.proxy.storage.remote.httpclient.HttpClientRemoteStorage - Initializing remote transport for proxy repository "Apache Snapshots" [id=apache-snapshots]...
2022-08-28 08:27:47,842+0000 INFO  [ar-7-thread-3] *TASK org.sonatype.nexus.proxy.storage.remote.httpclient.HttpClientRemoteStorage - Initializing remote transport for proxy repository "Central" [id=central]...
2022-08-28 08:27:47,891+0000 INFO  [jetty-main-1]  org.sonatype.nexus.rest.NexusApplication_UriMatching - Strict URI matching: true
2022-08-28 08:27:48,110+0000 INFO  [jetty-main-1]  org.sonatype.nexus.configuration.ModelUtils - Loading model /home/ec2-user/sonatype-work/nexus/conf/ldap.xml
2022-08-28 08:27:48,167+0000 INFO  [jetty-main-1]  org.sonatype.nexus.configuration.ModelUtils - Loading model /home/ec2-user/sonatype-work/nexus/conf/lvo-plugin.xml
2022-08-28 08:27:48,631+0000 INFO  [jetty-main-1]  org.sonatype.nexus.plugins.siesta.SiestaModule - Resources:
2022-08-28 08:27:48,631+0000 INFO  [jetty-main-1]  org.sonatype.nexus.plugins.siesta.SiestaModule -   /service/siesta/analytics/events
2022-08-28 08:27:48,632+0000 INFO  [jetty-main-1]  org.sonatype.nexus.plugins.siesta.SiestaModule -   /service/siesta/analytics/settings
2022-08-28 08:27:48,632+0000 INFO  [jetty-main-1]  org.sonatype.nexus.plugins.siesta.SiestaModule -   /service/siesta/atlas/security-diagnostic
2022-08-28 08:27:48,632+0000 INFO  [jetty-main-1]  org.sonatype.nexus.plugins.siesta.SiestaModule -   /service/siesta/atlas/support-zip
2022-08-28 08:27:48,632+0000 INFO  [jetty-main-1]  org.sonatype.nexus.plugins.siesta.SiestaModule -   /service/siesta/atlas/system-information
2022-08-28 08:27:48,632+0000 INFO  [jetty-main-1]  org.sonatype.nexus.plugins.siesta.SiestaModule -   /service/siesta/capabilities
2022-08-28 08:27:48,632+0000 INFO  [jetty-main-1]  org.sonatype.nexus.plugins.siesta.SiestaModule -   /service/siesta/capabilities/stores
2022-08-28 08:27:48,632+0000 INFO  [jetty-main-1]  org.sonatype.nexus.plugins.siesta.SiestaModule -   /service/siesta/capabilities/types
2022-08-28 08:27:48,632+0000 INFO  [jetty-main-1]  org.sonatype.nexus.plugins.siesta.SiestaModule -   /service/siesta/clm
2022-08-28 08:27:48,632+0000 INFO  [jetty-main-1]  org.sonatype.nexus.plugins.siesta.SiestaModule -   /service/siesta/clm/applications
2022-08-28 08:27:48,632+0000 INFO  [jetty-main-1]  org.sonatype.nexus.plugins.siesta.SiestaModule -   /service/siesta/clm/firewall
2022-08-28 08:27:48,632+0000 INFO  [jetty-main-1]  org.sonatype.nexus.plugins.siesta.SiestaModule -   /service/siesta/healthcheck/gaDetails
2022-08-28 08:27:48,632+0000 INFO  [jetty-main-1]  org.sonatype.nexus.plugins.siesta.SiestaModule -   /service/siesta/healthcheck/gavDetails
2022-08-28 08:27:48,632+0000 INFO  [jetty-main-1]  org.sonatype.nexus.plugins.siesta.SiestaModule -   /service/siesta/healthcheck/healthCheckEula
2022-08-28 08:27:48,632+0000 INFO  [jetty-main-1]  org.sonatype.nexus.plugins.siesta.SiestaModule -   /service/siesta/healthcheck/healthCheckInfo
2022-08-28 08:27:48,632+0000 INFO  [jetty-main-1]  org.sonatype.nexus.plugins.siesta.SiestaModule -   /service/siesta/healthcheck/healthCheckStatus
2022-08-28 08:27:48,632+0000 INFO  [jetty-main-1]  org.sonatype.nexus.plugins.siesta.SiestaModule -   /service/siesta/healthcheck/healthCheckSummary/{repositoryId}/{path:.*}
2022-08-28 08:27:48,632+0000 INFO  [jetty-main-1]  org.sonatype.nexus.plugins.siesta.SiestaModule -   /service/siesta/logging/log
2022-08-28 08:27:48,632+0000 INFO  [jetty-main-1]  org.sonatype.nexus.plugins.siesta.SiestaModule -   /service/siesta/logging/loggers
2022-08-28 08:27:48,632+0000 INFO  [jetty-main-1]  org.sonatype.nexus.plugins.siesta.SiestaModule -   /service/siesta/migrationagent/configuration
2022-08-28 08:27:48,632+0000 INFO  [jetty-main-1]  org.sonatype.nexus.plugins.siesta.SiestaModule -   /service/siesta/migrationagent/repository
2022-08-28 08:27:48,632+0000 INFO  [jetty-main-1]  org.sonatype.nexus.plugins.siesta.SiestaModule -   /service/siesta/migrationagent/repository-changelog
2022-08-28 08:27:48,632+0000 INFO  [jetty-main-1]  org.sonatype.nexus.plugins.siesta.SiestaModule -   /service/siesta/migrationagent/repository-content
2022-08-28 08:27:48,632+0000 INFO  [jetty-main-1]  org.sonatype.nexus.plugins.siesta.SiestaModule -   /service/siesta/migrationagent/repository-migration
2022-08-28 08:27:48,632+0000 INFO  [jetty-main-1]  org.sonatype.nexus.plugins.siesta.SiestaModule -   /service/siesta/migrationagent/status
2022-08-28 08:27:48,632+0000 INFO  [jetty-main-1]  org.sonatype.nexus.plugins.siesta.SiestaModule -   /service/siesta/wonderland/authenticate
2022-08-28 08:27:48,632+0000 INFO  [jetty-main-1]  org.sonatype.nexus.plugins.siesta.SiestaModule -   /service/siesta/wonderland/download
2022-08-28 08:27:48,632+0000 INFO  [jetty-main-1]  org.sonatype.nexus.plugins.siesta.SiestaModule -   /service/siesta/wonderland/settings
2022-08-28 08:27:48,632+0000 INFO  [jetty-main-1]  org.sonatype.nexus.plugins.siesta.SiestaModule - Components:
2022-08-28 08:27:48,632+0000 INFO  [jetty-main-1]  org.sonatype.nexus.plugins.siesta.SiestaModule -   org.sonatype.nexus.plugins.capabilities.internal.rest.CapabilityNotFoundExceptionMapper
2022-08-28 08:27:48,632+0000 INFO  [jetty-main-1]  org.sonatype.nexus.plugins.siesta.SiestaModule -   org.sonatype.nexus.plugins.siesta.AuthorizationExceptionMapper
2022-08-28 08:27:48,632+0000 INFO  [jetty-main-1]  org.sonatype.nexus.plugins.siesta.SiestaModule -   org.sonatype.nexus.plugins.siesta.ErrorStatusRuntimeExceptionMapper
2022-08-28 08:27:48,632+0000 INFO  [jetty-main-1]  org.sonatype.nexus.plugins.siesta.SiestaModule -   org.sonatype.nexus.plugins.siesta.InvalidConfigurationExceptionMapper
2022-08-28 08:27:48,632+0000 INFO  [jetty-main-1]  org.sonatype.nexus.plugins.siesta.SiestaModule -   org.sonatype.nexus.plugins.siesta.NoSuchRepositoryExceptionMapper
2022-08-28 08:27:48,633+0000 INFO  [jetty-main-1]  org.sonatype.nexus.plugins.siesta.SiestaModule -   org.sonatype.sisu.siesta.jackson.JacksonProvider
2022-08-28 08:27:48,633+0000 INFO  [jetty-main-1]  org.sonatype.nexus.plugins.siesta.SiestaModule -   org.sonatype.sisu.siesta.server.internal.mappers.BadRequestExceptionMapper
2022-08-28 08:27:48,633+0000 INFO  [jetty-main-1]  org.sonatype.nexus.plugins.siesta.SiestaModule -   org.sonatype.sisu.siesta.server.internal.mappers.ConstraintViolationExceptionMapper
2022-08-28 08:27:48,633+0000 INFO  [jetty-main-1]  org.sonatype.nexus.plugins.siesta.SiestaModule -   org.sonatype.sisu.siesta.server.internal.mappers.InvalidObjectExceptionMapper
2022-08-28 08:27:48,633+0000 INFO  [jetty-main-1]  org.sonatype.nexus.plugins.siesta.SiestaModule -   org.sonatype.sisu.siesta.server.internal.mappers.ObjectNotFoundExceptionMapper
2022-08-28 08:27:48,633+0000 INFO  [jetty-main-1]  org.sonatype.nexus.plugins.siesta.SiestaModule -   org.sonatype.sisu.siesta.server.internal.mappers.ThrowableExceptionMapper
2022-08-28 08:27:48,633+0000 INFO  [jetty-main-1]  org.sonatype.nexus.plugins.siesta.SiestaModule -   org.sonatype.sisu.siesta.server.internal.mappers.ValidationErrorsExceptionMapper
2022-08-28 08:27:48,633+0000 INFO  [jetty-main-1]  org.sonatype.nexus.plugins.siesta.SiestaModule -   org.sonatype.sisu.siesta.server.internal.mappers.WebApplicationExceptionMapper
2022-08-28 08:27:48,633+0000 INFO  [jetty-main-1]  org.sonatype.nexus.plugins.siesta.SiestaModule -   org.sonatype.sisu.siesta.server.internal.mappers.WebApplicationMessageExceptionMapper
2022-08-28 08:27:49,841+0000 INFO  [ar-7-thread-2] *TASK org.sonatype.nexus.proxy.maven.routing.internal.ManagerImpl - Updated and published prefix file of "Public Repositories" [id=public]
2022-08-28 08:27:50,357+0000 INFO  [jetty-main-1]  org.sonatype.nexus.webresources.internal.WebResourceServiceImpl - Discovered 1978 resources
2022-08-28 08:27:50,358+0000 INFO  [jetty-main-1]  org.sonatype.nexus.webresources.internal.WebResourceServlet - Max-age: 30 days (2592000 seconds)
2022-08-28 08:27:50,425+0000 INFO  [jetty-main-1]  org.sonatype.nexus.bootstrap.jetty.InstrumentedSelectChannelConnector - Metrics enabled
2022-08-28 08:27:50,459+0000 INFO  [jetty-main-1]  org.eclipse.jetty.server.AbstractConnector - Started InstrumentedSelectChannelConnector@0.0.0.0:8081
2022-08-28 08:27:50,459+0000 INFO  [WrapperListener_start_runner]  org.sonatype.nexus.bootstrap.jetty.JettyServer - Started
2022-08-28 08:27:50,460+0000 INFO  [jetty-main-1]  org.sonatype.nexus.bootstrap.jetty.JettyServer - Running
2022-08-28 08:31:52,097+0000 INFO  [qtp1769084184-48]  org.apache.shiro.nexus5727.FixedDefaultWebSessionManager - Global session timeout: 1800000 ms
2022-08-28 08:31:52,100+0000 INFO  [qtp1769084184-48]  org.apache.shiro.session.mgt.AbstractValidatingSessionManager - Enabling session validation scheduler...
2022-08-28 08:31:52,161+0000 INFO  [qtp1769084184-48] *UNKNOWN org.sonatype.nexus.velocity.VelocityEngineProvider - Creating Nexus VelocityEngine
2022-08-28 08:32:02,914+0000 WARN  [qtp1769084184-51] *UNKNOWN org.sonatype.security.model.source.FileModelConfigurationSource - No configuration file in place, copying the default one and continuing with it.
2022-08-28 08:32:02,916+0000 INFO  [qtp1769084184-51] *UNKNOWN org.sonatype.security.model.source.FileModelConfigurationSource - Loading security configuration from: /home/ec2-user/nexus-2.14.18-01/../sonatype-work/nexus/conf/security.xml
2022-08-28 08:32:02,948+0000 INFO  [qtp1769084184-49] *UNKNOWN /nexus - nexus: [Noelios Restlet Engine] - Attaching application: org.sonatype.nexus.rest.NexusApplication@7bc44866 to URI: /nexus/service/local
